2024-02-07T00:56:47.394Z [server] info: Servidor corriendo en el puerto 8080
2024-02-07T00:56:55.732Z [server] info: Se inicia página de Inicio de Login
2024-02-07T00:57:15.019Z [server] info: Se inicia página de Inicio de Login
2024-02-07T00:58:43.303Z [server] info: Se inicia página de Inicio de Login
2024-02-07T00:59:13.281Z [server] info: Se inicia página de Inicio de Login
2024-02-07T00:59:58.147Z [server] info: Servidor corriendo en el puerto 8080
2024-02-07T01:00:00.117Z [server] info: Se inicia página de Inicio de Login
2024-02-07T01:02:22.032Z [server] info: Se inicia página de Inicio de Login
2024-02-07T20:44:14.517Z [server] info: Servidor corriendo en el puerto 8080
2024-02-07T20:44:26.533Z [server] info: Se inicia página de Inicio de Login
2024-02-07T20:44:57.379Z [server] info: Se inicia página de Inicio de Login
2024-02-07T21:44:36.993Z [server] info: Se inicia página de Inicio de Login
2024-02-07T21:46:00.587Z [server] info: Se inicia página de Inicio de Login
2024-02-07T21:46:01.281Z [server] info: Se inicia página de Inicio de Login
2024-02-07T21:51:26.408Z [server] info: Servidor corriendo en el puerto 8080
2024-02-07T21:51:48.244Z [server] info: Servidor corriendo en el puerto 8080
2024-02-07T21:51:56.969Z [server] info: Se inicia página de Inicio de Login
2024-02-07T21:52:03.003Z [server] info: Se inicia página de Inicio de Login
2024-02-07T21:52:04.087Z [server] info: Se inicia página de Inicio de Login
2024-02-07T21:52:09.794Z [server] info: Se Cierra Sesión
2024-02-07T21:52:09.801Z [server] info: Se inicia página de Inicio de Login
2024-02-07T21:52:18.072Z [server] info: Se Cierra Sesión
2024-02-07T21:52:18.075Z [server] info: Se inicia página de Inicio de Login
2024-02-07T21:58:47.481Z [server] info: Servidor corriendo en el puerto 8080
2024-02-07T21:58:54.616Z [server] info: Se inicia página de Inicio de Login
2024-02-07T21:59:17.638Z [server] info: Se inicia página de Inicio de Login
2024-02-07T22:01:01.077Z [server] info: Servidor corriendo en el puerto 8080
2024-02-07T22:01:03.502Z [server] info: Se inicia página de Inicio de Login
2024-02-07T22:01:19.663Z [server] info: Servidor corriendo en el puerto 8080
2024-02-07T22:01:22.245Z [server] info: Se inicia página de Inicio de Login
2024-02-07T22:01:58.833Z [server] info: Servidor corriendo en el puerto 8080
2024-02-07T22:02:20.903Z [server] info: Servidor corriendo en el puerto 8080
2024-02-07T22:03:56.533Z [server] info: Servidor corriendo en el puerto 8080
2024-02-07T22:04:00.966Z [server] info: Bienvenido!
2024-02-07T22:04:17.016Z [server] info: Servidor corriendo en el puerto 8080
2024-02-07T22:04:25.364Z [server] info: Servidor corriendo en el puerto 8080
2024-02-07T22:04:38.085Z [server] info: Se inicia página de Registro de Usuarios
2024-02-07T22:05:11.469Z [server] info: Servidor corriendo en el puerto 8080
2024-02-07T22:05:13.592Z [server] info: Se inicia página de Registro de Usuarios
2024-02-07T22:06:26.697Z [server] info: Servidor corriendo en el puerto 8080
2024-02-07T22:06:31.991Z [server] info: Bienvenido!
2024-02-07T22:16:42.330Z [server] info: Servidor corriendo en el puerto 8080
2024-02-07T22:24:40.219Z [server] info: Servidor corriendo en el puerto 8080
2024-02-07T22:26:25.802Z [server] info: Servidor corriendo en el puerto 8080
2024-02-07T22:26:37.937Z [server] info: Bienvenido!
2024-02-07T22:26:50.772Z [server] info: Bienvenido!
2024-02-07T22:27:52.133Z [server] info: Servidor corriendo en el puerto 8080
2024-02-07T22:28:01.287Z [server] info: Servidor corriendo en el puerto 8080
2024-02-07T22:39:03.756Z [server] info: Servidor corriendo en el puerto 8080
2024-02-07T22:41:38.037Z [server] info: Servidor corriendo en el puerto 8080
2024-02-07T22:41:43.460Z [server] info: Bienvenido!
2024-02-07T22:42:30.850Z [server] info: Servidor corriendo en el puerto 8080
2024-02-07T22:42:43.182Z [server] info: Servidor corriendo en el puerto 8080
2024-02-07T22:42:45.004Z [server] info: Connected to MongoDB
2024-02-07T22:42:53.685Z [server] info: Bienvenido!
2024-02-07T22:43:00.371Z [server] info: Bienvenido!
2024-02-07T22:43:01.013Z [server] info: Bienvenido!
2024-02-07T22:43:15.631Z [server] info: Servidor corriendo en el puerto 8080
2024-02-07T22:43:17.280Z [server] info: Connected to MongoDB
2024-02-07T22:43:19.942Z [server] info: Bienvenido!
2024-02-07T22:44:06.468Z [server] info: Servidor corriendo en el puerto 8080
2024-02-07T22:44:08.467Z [server] info: Connected to MongoDB
2024-02-07T22:44:09.336Z [server] info: Bienvenido!
2024-02-07T22:44:25.435Z [server] info: Servidor corriendo en el puerto 8080
2024-02-07T22:44:27.090Z [server] info: Connected to MongoDB
2024-02-07T22:44:29.602Z [server] info: Bienvenido!
2024-02-07T22:44:48.785Z [server] info: Servidor corriendo en el puerto 8080
2024-02-07T22:44:50.437Z [server] info: Connected to MongoDB
2024-02-07T22:44:58.973Z [server] info: Servidor corriendo en el puerto 8080
2024-02-07T22:45:00.656Z [server] info: Connected to MongoDB
2024-02-07T22:45:35.104Z [server] info: Servidor corriendo en el puerto 8080
2024-02-07T22:45:37.311Z [server] info: Connected to MongoDB
2024-02-07T22:45:44.013Z [server] info: Servidor corriendo en el puerto 8080
2024-02-07T22:45:45.649Z [server] info: Connected to MongoDB
2024-02-07T22:45:58.252Z [server] info: Servidor corriendo en el puerto 8080
2024-02-07T22:46:00.112Z [server] info: Connected to MongoDB
2024-02-07T22:46:22.962Z [server] info: Servidor corriendo en el puerto 8080
2024-02-07T22:46:24.608Z [server] info: Connected to MongoDB
2024-02-07T22:46:58.443Z [server] info: Servidor corriendo en el puerto 8080
2024-02-07T22:47:00.193Z [server] info: Connected to MongoDB
2024-02-07T22:47:12.017Z [server] info: Servidor corriendo en el puerto 8080
2024-02-07T22:47:13.638Z [server] info: Connected to MongoDB
2024-02-07T22:47:26.057Z [server] info: Servidor corriendo en el puerto 8080
2024-02-07T22:47:27.677Z [server] info: Connected to MongoDB
2024-02-07T22:48:20.622Z [server] info: Servidor corriendo en el puerto 8080
2024-02-07T22:48:22.398Z [server] info: Connected to MongoDB
2024-02-07T22:48:26.626Z [server] info: Servidor corriendo en el puerto 8080
2024-02-07T22:48:28.291Z [server] info: Connected to MongoDB
2024-02-07T22:48:49.781Z [server] info: Bienvenido!
2024-02-07T22:48:54.478Z [server] info: Bienvenido!
2024-02-07T22:49:03.540Z [server] info: Servidor corriendo en el puerto 8080
2024-02-07T22:49:05.173Z [server] info: Connected to MongoDB
2024-02-07T22:49:06.190Z [server] info: Bienvenido!
2024-02-07T22:53:06.417Z [server] info: Servidor corriendo en el puerto 8080
2024-02-07T22:53:08.305Z [server] info: Connected to MongoDB
2024-02-07T22:53:10.200Z [server] info: Bienvenido!
2024-02-07T22:53:10.864Z [server] info: Bienvenido!
2024-02-07T22:55:25.925Z [server] info: Servidor corriendo en el puerto 8080
2024-02-07T22:55:27.732Z [server] info: Connected to MongoDB
2024-02-07T22:55:30.885Z [server] info: Bienvenido!
2024-02-07T22:55:31.052Z [server] error: Error al obtener productos: Cannot read properties of undefined (reading 'cartId')
2024-02-07T22:56:12.985Z [server] info: Servidor corriendo en el puerto 8080
2024-02-07T22:56:14.613Z [server] info: Connected to MongoDB
2024-02-07T22:56:19.041Z [server] info: Bienvenido!
2024-02-07T22:56:19.435Z [server] info: Bienvenido!
2024-02-07T22:56:53.305Z [server] info: Servidor corriendo en el puerto 8080
2024-02-07T22:56:54.400Z [server] info: Bienvenido!
2024-02-07T22:56:55.030Z [server] info: Connected to MongoDB
2024-02-07T22:56:56.013Z [server] info: Bienvenido!
2024-02-07T22:57:11.821Z [server] info: Bienvenido!
2024-02-07T23:08:34.060Z [server] info: Servidor corriendo en el puerto 8080
2024-02-07T23:08:35.970Z [server] info: Connected to MongoDB
2024-02-07T23:08:49.448Z [server] info: Servidor corriendo en el puerto 8080
2024-02-07T23:08:51.094Z [server] info: Connected to MongoDB
2024-02-07T23:08:54.746Z [server] info: Obtaining list of carts
2024-02-07T23:46:54.605Z [server] info: Obtaining list of carts
2024-02-07T23:46:59.925Z [server] info: Bienvenido!
2024-02-07T23:49:12.311Z [server] info: Bienvenido!
2024-02-07T23:49:13.632Z [server] info: Obtaining list of carts
2024-02-07T23:50:45.791Z [server] info: Servidor corriendo en el puerto 8080
2024-02-07T23:50:47.549Z [server] info: Connected to MongoDB
2024-02-07T23:57:30.409Z [server] info: Servidor corriendo en el puerto 8080
2024-02-07T23:57:32.146Z [server] info: Connected to MongoDB
2024-02-07T23:58:02.628Z [server] info: Servidor corriendo en el puerto 8080
2024-02-07T23:58:04.279Z [server] info: Connected to MongoDB
2024-02-08T00:00:28.387Z [server] info: Servidor corriendo en el puerto 8080
2024-02-08T00:00:30.165Z [server] info: Connected to MongoDB
2024-02-08T00:00:59.625Z [server] info: Servidor corriendo en el puerto 8080
2024-02-08T00:01:01.260Z [server] info: Connected to MongoDB
2024-02-08T00:03:32.288Z [server] info: Servidor corriendo en el puerto 8080
2024-02-08T00:03:34.340Z [server] info: Connected to MongoDB
2024-02-08T00:04:09.408Z [server] info: Servidor corriendo en el puerto 8080
2024-02-08T00:04:11.112Z [server] info: Connected to MongoDB
2024-02-08T00:04:18.529Z [server] info: Bienvenido!
2024-02-08T00:04:26.256Z [server] info: Bienvenido!
2024-02-08T00:04:27.600Z [server] info: Obtaining list of carts
2024-02-08T00:04:39.413Z [server] info: Bienvenido!
2024-02-08T00:11:21.629Z [server] info: Servidor corriendo en el puerto 8080
2024-02-08T00:11:23.455Z [server] info: Connected to MongoDB
2024-02-08T00:14:15.192Z [server] info: Servidor corriendo en el puerto 8080
2024-02-08T00:14:17.058Z [server] info: Connected to MongoDB
2024-02-08T00:14:20.825Z [server] info: Bienvenido!
2024-02-08T00:15:46.534Z [server] info: Bienvenido!
2024-02-08T00:16:12.312Z [server] info: Bienvenido!
2024-02-08T00:16:13.833Z [server] info: Obtaining list of carts
2024-02-08T00:18:31.431Z [server] info: Bienvenido!
2024-02-08T00:20:19.987Z [server] info: Se inicia página de Registro de Usuarios
2024-02-08T00:20:30.945Z [server] info: Bienvenido!
2024-02-08T00:20:41.890Z [server] info: Se inicia página de Registro de Usuarios
2024-02-08T00:24:30.071Z [server] info: Servidor corriendo en el puerto 8080
2024-02-08T00:24:31.950Z [server] info: Connected to MongoDB
2024-02-08T00:25:31.135Z [server] info: Se inicia página de Registro de Usuarios
2024-02-08T00:26:13.418Z [server] info: Servidor corriendo en el puerto 8080
2024-02-08T00:26:15.262Z [server] info: Connected to MongoDB
2024-02-08T00:26:18.410Z [server] info: Servidor corriendo en el puerto 8080
2024-02-08T00:26:20.059Z [server] info: Connected to MongoDB
2024-02-08T00:26:21.404Z [server] info: Servidor corriendo en el puerto 8080
2024-02-08T00:26:22.999Z [server] info: Connected to MongoDB
2024-02-08T00:26:33.942Z [server] info: Servidor corriendo en el puerto 8080
2024-02-08T00:26:35.559Z [server] info: Connected to MongoDB
2024-02-08T00:26:40.712Z [server] info: Servidor corriendo en el puerto 8080
2024-02-08T00:26:42.351Z [server] info: Connected to MongoDB
2024-02-08T00:26:51.560Z [server] info: Servidor corriendo en el puerto 8080
2024-02-08T00:26:53.220Z [server] info: Connected to MongoDB
2024-02-08T00:26:55.570Z [server] info: Bienvenido!
2024-02-08T00:26:56.713Z [server] info: Se inicia página de Registro de Usuarios
2024-02-08T00:27:28.386Z [server] info: Se inicia página de Registro de Usuarios
2024-02-08T00:29:02.402Z [server] info: Servidor corriendo en el puerto 8080
2024-02-08T00:29:04.227Z [server] info: Connected to MongoDB
2024-02-08T00:32:01.407Z [server] info: Servidor corriendo en el puerto 8080
2024-02-08T00:32:03.262Z [server] info: Connected to MongoDB
2024-02-08T00:32:19.994Z [server] info: Servidor corriendo en el puerto 8080
2024-02-08T00:32:21.676Z [server] info: Connected to MongoDB
2024-02-08T00:32:25.077Z [server] info: Bienvenido!
2024-02-08T00:32:25.999Z [server] info: Bienvenido!
2024-02-08T00:32:47.358Z [server] info: Servidor corriendo en el puerto 8080
2024-02-08T00:32:48.482Z [server] info: Bienvenido!
2024-02-08T00:32:49.005Z [server] info: Connected to MongoDB
2024-02-08T00:32:49.809Z [server] info: Se inicia página de Registro de Usuarios
2024-02-08T00:32:52.682Z [server] info: Bienvenido!
2024-02-08T00:32:53.506Z [server] info: Se inicia página de Login
2024-02-08T00:35:44.415Z [server] info: Se inicia página de Login
2024-02-08T00:36:03.313Z [server] info: Bienvenido!
2024-02-08T00:36:04.593Z [server] info: Se inicia página de Registro de Usuarios
2024-02-08T00:36:08.007Z [server] info: Bienvenido!
2024-02-08T00:36:08.338Z [server] info: Bienvenido!
2024-02-08T00:36:09.201Z [server] info: Se inicia página de Registro de Usuarios
2024-02-08T00:38:59.622Z [server] info: Servidor corriendo en el puerto 8080
2024-02-08T00:39:01.356Z [server] info: Connected to MongoDB
2024-02-08T00:39:04.211Z [server] info: Se inicia página de Registro de Usuarios
2024-02-08T00:39:31.842Z [server] info: Servidor corriendo en el puerto 8080
2024-02-08T00:39:33.485Z [server] info: Connected to MongoDB
2024-02-08T00:39:34.858Z [server] info: Se inicia página de Registro de Usuarios
2024-02-08T00:39:43.779Z [server] error: Internal Server Error: userRepository is not defined
2024-02-08T00:41:35.644Z [server] info: Servidor corriendo en el puerto 8080
2024-02-08T00:41:37.401Z [server] info: Connected to MongoDB
2024-02-08T00:41:39.242Z [server] info: Se inicia página de Registro de Usuarios
2024-02-08T00:41:46.282Z [server] error: Internal Server Error: userRepository.createUser is not a function
2024-02-08T00:43:14.557Z [server] info: Servidor corriendo en el puerto 8080
2024-02-08T00:43:16.503Z [server] info: Connected to MongoDB
2024-02-08T00:43:18.347Z [server] info: Se inicia página de Registro de Usuarios
2024-02-08T00:43:25.722Z [server] error: Internal Server Error: UserRepository.createUser is not a function
2024-02-08T00:44:16.454Z [server] info: Servidor corriendo en el puerto 8080
2024-02-08T00:44:18.310Z [server] info: Connected to MongoDB
2024-02-08T00:44:21.027Z [server] info: Se inicia página de Registro de Usuarios
2024-02-08T00:44:28.724Z [server] error: Internal Server Error: UserRepository.createUser is not a function
