{"level":"debug","message":"Debug message","timestamp":"2023-12-10T22:48:00.712Z"}
{"level":"http","message":"HTTP message","timestamp":"2023-12-10T22:48:00.714Z"}
{"level":"info","message":"Info message","timestamp":"2023-12-10T22:48:00.714Z"}
{"level":"warning","message":"Warning message","timestamp":"2023-12-10T22:48:00.714Z"}
{"level":"error","message":"Error message","timestamp":"2023-12-10T22:48:00.714Z"}
{"level":"debug","message":"Debug message","timestamp":"2023-12-10T22:48:16.482Z"}
{"level":"http","message":"HTTP message","timestamp":"2023-12-10T22:48:16.482Z"}
{"level":"info","message":"Info message","timestamp":"2023-12-10T22:48:16.483Z"}
{"level":"warning","message":"Warning message","timestamp":"2023-12-10T22:48:16.483Z"}
{"level":"error","message":"Error message","timestamp":"2023-12-10T22:48:16.483Z"}
{"level":"debug","message":"Debug message","timestamp":"2023-12-10T22:48:53.532Z"}
{"level":"http","message":"HTTP message","timestamp":"2023-12-10T22:48:53.533Z"}
{"level":"info","message":"Info message","timestamp":"2023-12-10T22:48:53.533Z"}
{"level":"warning","message":"Warning message","timestamp":"2023-12-10T22:48:53.533Z"}
{"level":"error","message":"Error message","timestamp":"2023-12-10T22:48:53.533Z"}
{"level":"debug","message":"Debug message","timestamp":"2023-12-10T23:02:00.886Z"}
{"level":"http","message":"HTTP message","timestamp":"2023-12-10T23:02:00.886Z"}
{"level":"info","message":"Info message","timestamp":"2023-12-10T23:02:00.886Z"}
{"level":"warning","message":"Warning message","timestamp":"2023-12-10T23:02:00.886Z"}
{"level":"error","message":"Error message","timestamp":"2023-12-10T23:02:00.887Z"}
{"level":"error","message":"Error message","timestamp":"2023-12-11T00:23:12.734Z"}
{"level":"error","message":"Error message","timestamp":"2023-12-11T01:19:43.712Z"}
{"level":"error","message":"Error message","timestamp":"2023-12-11T01:36:39.026Z"}
{"level":"error","message":"Error message","timestamp":"2023-12-11T22:51:43.205Z"}
